<?xml version="1.0" encoding="UTF-8"?>
<testsuite name="JUnit Jupiter" tests="56" skipped="0" failures="0" errors="0" time="0.299" hostname="MacBook-Air-de-Djilali.local" timestamp="2026-06-05T15:39:51">
<properties>
[...]
</properties>
<testcase name="has_quantiteInsuffisante()" classname="com.minicraft.InventoryTest" time="0">
<system-out><![CDATA[
unique-id: [engine:junit-jupiter]/[class:com.minicraft.InventoryTest]/[method:has_quantiteInsuffisante()]
display-name: has est faux quand il en manque
]]></system-out>
</testcase>
<testcase name="add_outils_nonEmpilables()" classname="com.minicraft.InventoryTest" time="0">
<system-out><![CDATA[
unique-id: [engine:junit-jupiter]/[class:com.minicraft.InventoryTest]/[method:add_outils_nonEmpilables()]
display-name: add de deux outils (non empilables) : deux entrées distinctes
]]></system-out>
</testcase>
<testcase name="isBroken_faux_pourRessource()" classname="com.minicraft.ItemStackTest" time="0">
<system-out><![CDATA[
unique-id: [engine:junit-jupiter]/[class:com.minicraft.ItemStackTest]/[method:isBroken_faux_pourRessource()]
display-name: isBroken est faux pour un item sans durabilité
]]></system-out>
</testcase>
<testcase name="getAll_renvoieToutesLesPiles()" classname="com.minicraft.InventoryTest" time="0">
<system-out><![CDATA[
unique-id: [engine:junit-jupiter]/[class:com.minicraft.InventoryTest]/[method:getAll_renvoieToutesLesPiles()]
display-name: getAll renvoie la liste réelle des piles
]]></system-out>
</testcase>
<testcase name="inventaireVide()" classname="com.minicraft.InventoryTest" time="0">
<system-out><![CDATA[
unique-id: [engine:junit-jupiter]/[class:com.minicraft.InventoryTest]/[method:inventaireVide()]
display-name: Inventaire vide : getAmount renvoie 0
]]></system-out>
</testcase>
<testcase name="canCraft_ingredientsPresents()" classname="com.minicraft.RecipeTest" time="0">
<system-out><![CDATA[
unique-id: [engine:junit-jupiter]/[class:com.minicraft.RecipeTest]/[method:canCraft_ingredientsPresents()]
display-name: canCraft est vrai quand le joueur a tous les ingrédients
]]></system-out>
</testcase>
<testcase name="damage_diminueDurabilite()" classname="com.minicraft.ItemStackTest" time="0">
<system-out><![CDATA[
unique-id: [engine:junit-jupiter]/[class:com.minicraft.ItemStackTest]/[method:damage_diminueDurabilite()]
display-name: damage diminue la durabilité
]]></system-out>
</testcase>
<testcase name="pickUp_empileSurCaseExistante()" classname="com.minicraft.PlayerTest" time="0">
<system-out><![CDATA[
unique-id: [engine:junit-jupiter]/[class:com.minicraft.PlayerTest]/[method:pickUp_empileSurCaseExistante()]
display-name: pickUpItem : deux pickups du même item empilent dans la même case
]]></system-out>
</testcase>
<testcase name="has_quantiteSuffisante()" classname="com.minicraft.InventoryTest" time="0.049">
<system-out><![CDATA[
unique-id: [engine:junit-jupiter]/[class:com.minicraft.InventoryTest]/[method:has_quantiteSuffisante()]
display-name: has est vrai quand on a assez
]]></system-out>
</testcase>
<testcase name="craft_neFaitRienSiInsuffisant()" classname="com.minicraft.RecipeTest" time="0">
<system-out><![CDATA[
unique-id: [engine:junit-jupiter]/[class:com.minicraft.RecipeTest]/[method:craft_neFaitRienSiInsuffisant()]
display-name: Craft ne fait rien si les ingrédients ne sont pas là
]]></system-out>
</testcase>
<testcase name="isFull_quandPileNonRemplie()" classname="com.minicraft.ItemStackTest" time="0">
<system-out><![CDATA[
unique-id: [engine:junit-jupiter]/[class:com.minicraft.ItemStackTest]/[method:isFull_quandPileNonRemplie()]
display-name: isFull est faux quand il reste de la place
]]></system-out>
</testcase>
<testcase name="canStackWith_idsDifferents()" classname="com.minicraft.ItemStackTest" time="0">
<system-out><![CDATA[
unique-id: [engine:junit-jupiter]/[class:com.minicraft.ItemStackTest]/[method:canStackWith_idsDifferents()]
display-name: canStackWith est faux pour deux ids différents
]]></system-out>
</testcase>
<testcase name="pickUp_hotbarPleine_vaDansInventaire()" classname="com.minicraft.PlayerTest" time="0">
<system-out><![CDATA[
unique-id: [engine:junit-jupiter]/[class:com.minicraft.PlayerTest]/[method:pickUp_hotbarPleine_vaDansInventaire()]
display-name: pickUpItem : quand la hotbar est pleine, l'item part dans l'inventaire
]]></system-out>
</testcase>
<testcase name="craft_multipleUnits()" classname="com.minicraft.RecipeTest" time="0">
<system-out><![CDATA[
unique-id: [engine:junit-jupiter]/[class:com.minicraft.RecipeTest]/[method:craft_multipleUnits()]
display-name: Craft d'une recette x4 produit bien 4 unités
]]></system-out>
</testcase>
<testcase name="pickUp_remplitHotbarEnPremier()" classname="com.minicraft.PlayerTest" time="0.001">
<system-out><![CDATA[
unique-id: [engine:junit-jupiter]/[class:com.minicraft.PlayerTest]/[method:pickUp_remplitHotbarEnPremier()]
display-name: pickUpItem : un item va dans la 1ere case vide de la hotbar
]]></system-out>
</testcase>
<testcase name="constructeur_durabiliteParDefaut()" classname="com.minicraft.ItemStackTest" time="0">
<system-out><![CDATA[
unique-id: [engine:junit-jupiter]/[class:com.minicraft.ItemStackTest]/[method:constructeur_durabiliteParDefaut()]
display-name: Constructeur simple : durabilité initialisée au max pour un outil
]]></system-out>
</testcase>
<testcase name="add_augmenteAmount()" classname="com.minicraft.ItemStackTest" time="0">
<system-out><![CDATA[
unique-id: [engine:junit-jupiter]/[class:com.minicraft.ItemStackTest]/[method:add_augmenteAmount()]
display-name: add augmente la quantité
]]></system-out>
</testcase>
<testcase name="save_hotbar_estEcrite()" classname="com.minicraft.SaveManagerTest" time="0.006">
<system-out><![CDATA[
unique-id: [engine:junit-jupiter]/[class:com.minicraft.SaveManagerTest]/[method:save_hotbar_estEcrite()]
display-name: La hotbar est sauvegardée sur une ligne, '-' pour les cases vides
]]></system-out>
</testcase>
<testcase name="consume_videUneCase_metANull()" classname="com.minicraft.PlayerTest" time="0.001">
<system-out><![CDATA[
unique-id: [engine:junit-jupiter]/[class:com.minicraft.PlayerTest]/[method:consume_videUneCase_metANull()]
display-name: consume qui vide une case la met à null
]]></system-out>
</testcase>
<testcase name="roundTrip_avecGrotte()" classname="com.minicraft.IntegrationTest" time="0.01">
<system-out><![CDATA[
unique-id: [engine:junit-jupiter]/[class:com.minicraft.IntegrationTest]/[method:roundTrip_avecGrotte()]
display-name: Round-trip avec une grotte : la grotte est preservee
]]></system-out>
</testcase>
<testcase name="add_unItem()" classname="com.minicraft.InventoryTest" time="0">
<system-out><![CDATA[
unique-id: [engine:junit-jupiter]/[class:com.minicraft.InventoryTest]/[method:add_unItem()]
display-name: add d'un item : getAmount renvoie la quantité
]]></system-out>
</testcase>
<testcase name="canStackWith_memeIdEmpilable()" classname="com.minicraft.ItemStackTest" time="0">
<system-out><![CDATA[
unique-id: [engine:junit-jupiter]/[class:com.minicraft.ItemStackTest]/[method:canStackWith_memeIdEmpilable()]
display-name: canStackWith est vrai pour deux items identiques empilables
]]></system-out>
</testcase>
<testcase name="save_portailNonNull_estEcrit()" classname="com.minicraft.SaveManagerTest" time="0.006">
<system-out><![CDATA[
unique-id: [engine:junit-jupiter]/[class:com.minicraft.SaveManagerTest]/[method:save_portailNonNull_estEcrit()]
display-name: Le portail est sauvegardé quand on en a un
]]></system-out>
</testcase>
<testcase name="consume_videLaHotbarEnPremier()" classname="com.minicraft.PlayerTest" time="0">
<system-out><![CDATA[
unique-id: [engine:junit-jupiter]/[class:com.minicraft.PlayerTest]/[method:consume_videLaHotbarEnPremier()]
display-name: consume retire d'abord depuis la hotbar
]]></system-out>
</testcase>
<testcase name="save_creeLeFichier()" classname="com.minicraft.SaveManagerTest" time="0.004">
<system-out><![CDATA[
unique-id: [engine:junit-jupiter]/[class:com.minicraft.SaveManagerTest]/[method:save_creeLeFichier()]
display-name: saveGameToFile crée un fichier non vide
]]></system-out>
</testcase>
<testcase name="remove_diminueAmount()" classname="com.minicraft.ItemStackTest" time="0">
<system-out><![CDATA[
unique-id: [engine:junit-jupiter]/[class:com.minicraft.ItemStackTest]/[method:remove_diminueAmount()]
display-name: remove diminue la quantité
]]></system-out>
</testcase>
<testcase name="isBroken_quandDurabiliteEpuisee()" classname="com.minicraft.ItemStackTest" time="0">
<system-out><![CDATA[
unique-id: [engine:junit-jupiter]/[class:com.minicraft.ItemStackTest]/[method:isBroken_quandDurabiliteEpuisee()]
display-name: isBroken est vrai quand la durabilité tombe à 0
]]></system-out>
</testcase>
<testcase name="roundTrip_sansGrotte()" classname="com.minicraft.IntegrationTest" time="0.004">
<system-out><![CDATA[
unique-id: [engine:junit-jupiter]/[class:com.minicraft.IntegrationTest]/[method:roundTrip_sansGrotte()]
display-name: Round-trip sans grotte : la save contient le flag 0 et pas de bloc grotte
]]></system-out>
</testcase>
<testcase name="consume_basculesurInventaireSiBesoin()" classname="com.minicraft.PlayerTest" time="0.001">
<system-out><![CDATA[
unique-id: [engine:junit-jupiter]/[class:com.minicraft.PlayerTest]/[method:consume_basculesurInventaireSiBesoin()]
display-name: consume bascule sur l'inventaire si la hotbar ne suffit pas
]]></system-out>
</testcase>
<testcase name="has_totalSuffisant()" classname="com.minicraft.PlayerTest" time="0">
<system-out><![CDATA[
unique-id: [engine:junit-jupiter]/[class:com.minicraft.PlayerTest]/[method:has_totalSuffisant()]
display-name: has est vrai si le total hotbar+inventaire suffit
]]></system-out>
</testcase>
<testcase name="setSelectedSlot_borneRespectees()" classname="com.minicraft.PlayerTest" time="0">
<system-out><![CDATA[
unique-id: [engine:junit-jupiter]/[class:com.minicraft.PlayerTest]/[method:setSelectedSlot_borneRespectees()]
display-name: setSelectedSlot accepte 0..8 et rejette les autres
]]></system-out>
</testcase>
<testcase name="canCraft_regardeInventaire()" classname="com.minicraft.RecipeTest" time="0">
<system-out><![CDATA[
unique-id: [engine:junit-jupiter]/[class:com.minicraft.RecipeTest]/[method:canCraft_regardeInventaire()]
display-name: canCraft regarde aussi dans l'inventaire (pas que la hotbar)
]]></system-out>
</testcase>
<testcase name="add_itemsDifferents()" classname="com.minicraft.InventoryTest" time="0">
<system-out><![CDATA[
unique-id: [engine:junit-jupiter]/[class:com.minicraft.InventoryTest]/[method:add_itemsDifferents()]
display-name: add de plusieurs items différents : chaque pile est conservée
]]></system-out>
</testcase>
<testcase name="add_memeItemEmpilable_fusionne()" classname="com.minicraft.InventoryTest" time="0">
<system-out><![CDATA[
unique-id: [engine:junit-jupiter]/[class:com.minicraft.InventoryTest]/[method:add_memeItemEmpilable_fusionne()]
display-name: add de deux piles du même item empilable : elles fusionnent
]]></system-out>
</testcase>
<testcase name="remove_traverse_plusieursPiles()" classname="com.minicraft.InventoryTest" time="0">
<system-out><![CDATA[
unique-id: [engine:junit-jupiter]/[class:com.minicraft.InventoryTest]/[method:remove_traverse_plusieursPiles()]
display-name: remove qui couvre plusieurs piles consomme correctement
]]></system-out>
</testcase>
<testcase name="save_premiereLigne_estPosition()" classname="com.minicraft.SaveManagerTest" time="0.004">
<system-out><![CDATA[
unique-id: [engine:junit-jupiter]/[class:com.minicraft.SaveManagerTest]/[method:save_premiereLigne_estPosition()]
display-name: La première ligne contient la position du joueur
]]></system-out>
</testcase>
<testcase name="has_itemAbsent()" classname="com.minicraft.InventoryTest" time="0">
<system-out><![CDATA[
unique-id: [engine:junit-jupiter]/[class:com.minicraft.InventoryTest]/[method:has_itemAbsent()]
display-name: has est faux pour un item absent
]]></system-out>
</testcase>
<testcase name="save_deuxiemeLigne_etatGlobal()" classname="com.minicraft.SaveManagerTest" time="0.021">
<system-out><![CDATA[
unique-id: [engine:junit-jupiter]/[class:com.minicraft.SaveManagerTest]/[method:save_deuxiemeLigne_etatGlobal()]
display-name: La 2e ligne contient currentDepth et le portail
]]></system-out>
</testcase>
<testcase name="constructeur_durabiliteZeroSansOutil()" classname="com.minicraft.ItemStackTest" time="0">
<system-out><![CDATA[
unique-id: [engine:junit-jupiter]/[class:com.minicraft.ItemStackTest]/[method:constructeur_durabiliteZeroSansOutil()]
display-name: Constructeur simple : durabilité = 0 pour un item sans durabilité
]]></system-out>
</testcase>
<testcase name="roundTrip_etatPreserve()" classname="com.minicraft.IntegrationTest" time="0.009">
<system-out><![CDATA[
unique-id: [engine:junit-jupiter]/[class:com.minicraft.IntegrationTest]/[method:roundTrip_etatPreserve()]
display-name: Round-trip complet : on sauvegarde, on recharge, l'etat est identique
]]></system-out>
</testcase>
<testcase name="craft_consomme_entreHotbarEtInventaire()" classname="com.minicraft.RecipeTest" time="0.001">
<system-out><![CDATA[
unique-id: [engine:junit-jupiter]/[class:com.minicraft.RecipeTest]/[method:craft_consomme_entreHotbarEtInventaire()]
display-name: Craft consomme correctement à travers hotbar + inventaire
]]></system-out>
</testcase>
<testcase name="canCraft_ingredientManquant()" classname="com.minicraft.RecipeTest" time="0">
<system-out><![CDATA[
unique-id: [engine:junit-jupiter]/[class:com.minicraft.RecipeTest]/[method:canCraft_ingredientManquant()]
display-name: canCraft est faux quand il manque un ingrédient
]]></system-out>
</testcase>
<testcase name="remove_diminueQuantite()" classname="com.minicraft.InventoryTest" time="0.001">
<system-out><![CDATA[
unique-id: [engine:junit-jupiter]/[class:com.minicraft.InventoryTest]/[method:remove_diminueQuantite()]
display-name: remove diminue la quantité
]]></system-out>
</testcase>
<testcase name="craft_consommeEtDonne()" classname="com.minicraft.RecipeTest" time="0">
<system-out><![CDATA[
unique-id: [engine:junit-jupiter]/[class:com.minicraft.RecipeTest]/[method:craft_consommeEtDonne()]
display-name: Craft consomme les ingrédients et donne le résultat
]]></system-out>
</testcase>
<testcase name="constructeur_durabiliteForcee()" classname="com.minicraft.ItemStackTest" time="0">
<system-out><![CDATA[
unique-id: [engine:junit-jupiter]/[class:com.minicraft.ItemStackTest]/[method:constructeur_durabiliteForcee()]
display-name: Constructeur avec durabilité : valeur exacte restaurée
]]></system-out>
</testcase>
<testcase name="getSaveScanner_fichierAbsent_renvoieNull()" classname="com.minicraft.SaveManagerTest" time="0.003">
<system-out><![CDATA[
unique-id: [engine:junit-jupiter]/[class:com.minicraft.SaveManagerTest]/[method:getSaveScanner_fichierAbsent_renvoieNull()]
display-name: getSaveScannerForFile renvoie null si le fichier n'existe pas
]]></system-out>
</testcase>
<testcase name="canCraft_plusieursIngredients()" classname="com.minicraft.RecipeTest" time="0.001">
<system-out><![CDATA[
unique-id: [engine:junit-jupiter]/[class:com.minicraft.RecipeTest]/[method:canCraft_plusieursIngredients()]
display-name: canCraft vérifie plusieurs ingrédients à la fois
]]></system-out>
</testcase>
<testcase name="getDefinition_renvoieDefinition()" classname="com.minicraft.ItemStackTest" time="0.001">
<system-out><![CDATA[
unique-id: [engine:junit-jupiter]/[class:com.minicraft.ItemStackTest]/[method:getDefinition_renvoieDefinition()]
display-name: getDefinition renvoie la bonne ItemDefinition
]]></system-out>
</testcase>
<testcase name="isFull_quandPileMaximale()" classname="com.minicraft.ItemStackTest" time="0">
<system-out><![CDATA[
unique-id: [engine:junit-jupiter]/[class:com.minicraft.ItemStackTest]/[method:isFull_quandPileMaximale()]
display-name: isFull est vrai quand amount atteint maxStack
]]></system-out>
</testcase>
<testcase name="constructeur_idEtQuantite()" classname="com.minicraft.ItemStackTest" time="0">
<system-out><![CDATA[
unique-id: [engine:junit-jupiter]/[class:com.minicraft.ItemStackTest]/[method:constructeur_idEtQuantite()]
display-name: Constructeur simple : amount et id corrects
]]></system-out>
</testcase>
<testcase name="save_inventaire_estEcrit()" classname="com.minicraft.SaveManagerTest" time="0.01">
<system-out><![CDATA[
unique-id: [engine:junit-jupiter]/[class:com.minicraft.SaveManagerTest]/[method:save_inventaire_estEcrit()]
display-name: L'inventaire est sauvegardé avec id, quantité, durabilité
]]></system-out>
</testcase>
<testcase name="remove_videPile()" classname="com.minicraft.InventoryTest" time="0">
<system-out><![CDATA[
unique-id: [engine:junit-jupiter]/[class:com.minicraft.InventoryTest]/[method:remove_videPile()]
display-name: remove qui vide complètement supprime la pile
]]></system-out>
</testcase>
<testcase name="canStackWith_outilNonEmpilable()" classname="com.minicraft.ItemStackTest" time="0">
<system-out><![CDATA[
unique-id: [engine:junit-jupiter]/[class:com.minicraft.ItemStackTest]/[method:canStackWith_outilNonEmpilable()]
display-name: canStackWith est faux pour un outil (maxStack = 1)
]]></system-out>
</testcase>
<testcase name="amountOf_compteLesDeux()" classname="com.minicraft.PlayerTest" time="0">
<system-out><![CDATA[
unique-id: [engine:junit-jupiter]/[class:com.minicraft.PlayerTest]/[method:amountOf_compteLesDeux()]
display-name: amountOf compte la hotbar et l'inventaire
]]></system-out>
</testcase>
<testcase name="consume_insuffisant_renvoieFaux()" classname="com.minicraft.PlayerTest" time="0">
<system-out><![CDATA[
unique-id: [engine:junit-jupiter]/[class:com.minicraft.PlayerTest]/[method:consume_insuffisant_renvoieFaux()]
display-name: consume renvoie false et ne touche à rien si insuffisant
]]></system-out>
</testcase>
<testcase name="playerNeuf_inventaireVide()" classname="com.minicraft.PlayerTest" time="0">
<system-out><![CDATA[
unique-id: [engine:junit-jupiter]/[class:com.minicraft.PlayerTest]/[method:playerNeuf_inventaireVide()]
display-name: Player neuf : hotbar vide, amountOf = 0 partout
]]></system-out>
</testcase>
<system-out><![CDATA[
unique-id: [engine:junit-jupiter]
display-name: JUnit Jupiter
]]></system-out>
</testsuite>
